\BOOKMARK [1][-]{section.1}{1}{}% 1
\BOOKMARK [2][-]{subsection.1.1}{a}{section.1}% 2
\BOOKMARK [2][-]{subsection.1.2}{b}{section.1}% 3
\BOOKMARK [2][-]{subsection.1.3}{c}{section.1}% 4
\BOOKMARK [2][-]{subsection.1.4}{d}{section.1}% 5
\BOOKMARK [2][-]{subsection.1.5}{e}{section.1}% 6
\BOOKMARK [2][-]{subsection.1.6}{f}{section.1}% 7
\BOOKMARK [1][-]{section.2}{2}{}% 8
\BOOKMARK [2][-]{subsection.2.1}{a}{section.2}% 9
\BOOKMARK [2][-]{subsection.2.2}{b}{section.2}% 10
\BOOKMARK [2][-]{subsection.2.3}{c}{section.2}% 11
\BOOKMARK [2][-]{subsection.2.4}{d}{section.2}% 12
\BOOKMARK [2][-]{subsection.2.5}{e}{section.2}% 13
\BOOKMARK [1][-]{section.3}{3}{}% 14
\BOOKMARK [2][-]{subsection.3.1}{a}{section.3}% 15
\BOOKMARK [2][-]{subsection.3.2}{b}{section.3}% 16
\BOOKMARK [2][-]{subsection.3.3}{c}{section.3}% 17
\BOOKMARK [2][-]{subsection.3.4}{d}{section.3}% 18
\BOOKMARK [1][-]{section.4}{4}{}% 19
\BOOKMARK [2][-]{subsection.4.1}{a}{section.4}% 20
\BOOKMARK [2][-]{subsection.4.2}{b}{section.4}% 21
\BOOKMARK [2][-]{subsection.4.3}{c}{section.4}% 22
\BOOKMARK [2][-]{subsection.4.4}{d}{section.4}% 23
\BOOKMARK [2][-]{subsection.4.5}{e}{section.4}% 24
\BOOKMARK [1][-]{section.5}{5}{}% 25
\BOOKMARK [1][-]{section.6}{a}{}% 26
\BOOKMARK [2][-]{subsection.6.1}{b}{section.6}% 27
\BOOKMARK [1][-]{section.7}{c}{}% 28
